<?xml version="1.0" encoding="UTF-8"?>
<robot generator="Robot 7.3.2 (Python 3.12.3 on linux)" generated="2025-07-29T21:58:06.144546" rpa="false" schemaversion="5">
<suite id="s1" name="Login Test" source="/home/kira/Documentos/repositórios/robot-framework-selenium/login_test.robot">
<test id="s1-t1" name="Login com sucesso" line="7">
<kw name="Open Browser" owner="SeleniumLibrary">
<msg time="2025-07-29T21:58:06.340635" level="INFO">Opening browser 'chrome' to base url 'https://the-internet.herokuapp.com/login'.</msg>
<arg>${URL}</arg>
<arg>chrome</arg>
<doc>Opens a new browser instance to the optional ``url``.</doc>
<status status="PASS" start="2025-07-29T21:58:06.340180" elapsed="4.012315"/>
</kw>
<kw name="Input Text" owner="SeleniumLibrary">
<msg time="2025-07-29T21:58:10.355450" level="INFO">Typing text 'tomsmith' into text field 'id=username'.</msg>
<arg>id=username</arg>
<arg>${USERNAME}</arg>
<doc>Types the given ``text`` into the text field identified by ``locator``.</doc>
<status status="PASS" start="2025-07-29T21:58:10.353197" elapsed="0.234357"/>
</kw>
<kw name="Input Text" owner="SeleniumLibrary">
<msg time="2025-07-29T21:58:10.589294" level="INFO">Typing text 'SuperSecretPassword!' into text field 'id=password'.</msg>
<arg>id=password</arg>
<arg>${PASSWORD}</arg>
<doc>Types the given ``text`` into the text field identified by ``locator``.</doc>
<status status="PASS" start="2025-07-29T21:58:10.588278" elapsed="0.212642"/>
</kw>
<kw name="Click Button" owner="SeleniumLibrary">
<msg time="2025-07-29T21:58:10.801769" level="INFO">Clicking button 'css=.radius'.</msg>
<arg>css=.radius</arg>
<doc>Clicks the button identified by ``locator``.</doc>
<status status="PASS" start="2025-07-29T21:58:10.801317" elapsed="0.839565"/>
</kw>
<kw name="Page Should Contain" owner="SeleniumLibrary">
<msg time="2025-07-29T21:58:11.739615" level="INFO">Current page contains text 'You logged into a secure area!'.</msg>
<arg>You logged into a secure area!</arg>
<doc>Verifies that current page contains ``text``.</doc>
<status status="PASS" start="2025-07-29T21:58:11.642060" elapsed="0.097858"/>
</kw>
<kw name="Close Browser" owner="SeleniumLibrary">
<doc>Closes the current browser.</doc>
<status status="PASS" start="2025-07-29T21:58:11.740682" elapsed="0.232871"/>
</kw>
<status status="PASS" start="2025-07-29T21:58:06.337699" elapsed="5.636176"/>
</test>
<test id="s1-t2" name="Login com falha" line="17">
<kw name="Open Browser" owner="SeleniumLibrary">
<msg time="2025-07-29T21:58:11.976056" level="INFO">Opening browser 'chrome' to base url 'https://the-internet.herokuapp.com/login'.</msg>
<arg>${URL}</arg>
<arg>chrome</arg>
<doc>Opens a new browser instance to the optional ``url``.</doc>
<status status="PASS" start="2025-07-29T21:58:11.975608" elapsed="3.734387"/>
</kw>
<kw name="Input Text" owner="SeleniumLibrary">
<msg time="2025-07-29T21:58:15.715222" level="INFO">Typing text 'tomsmith' into text field 'id=username'.</msg>
<arg>id=username</arg>
<arg>${USERNAME}</arg>
<doc>Types the given ``text`` into the text field identified by ``locator``.</doc>
<status status="PASS" start="2025-07-29T21:58:15.712620" elapsed="0.367140"/>
</kw>
<kw name="Input Text" owner="SeleniumLibrary">
<msg time="2025-07-29T21:58:16.080634" level="INFO">Typing text 'senhaErrada123' into text field 'id=password'.</msg>
<arg>id=password</arg>
<arg>senhaErrada123</arg>
<doc>Types the given ``text`` into the text field identified by ``locator``.</doc>
<status status="PASS" start="2025-07-29T21:58:16.080164" elapsed="0.151818"/>
</kw>
<kw name="Click Button" owner="SeleniumLibrary">
<msg time="2025-07-29T21:58:16.233254" level="INFO">Clicking button 'css=.radius'.</msg>
<arg>css=.radius</arg>
<doc>Clicks the button identified by ``locator``.</doc>
<status status="PASS" start="2025-07-29T21:58:16.232586" elapsed="1.629957"/>
</kw>
<kw name="Page Should Contain" owner="SeleniumLibrary">
<msg time="2025-07-29T21:58:17.901933" level="INFO">Current page contains text 'Your password is invalid!'.</msg>
<arg>Your password is invalid!</arg>
<doc>Verifies that current page contains ``text``.</doc>
<status status="PASS" start="2025-07-29T21:58:17.862909" elapsed="0.039138"/>
</kw>
<kw name="Close Browser" owner="SeleniumLibrary">
<doc>Closes the current browser.</doc>
<status status="PASS" start="2025-07-29T21:58:17.902340" elapsed="0.074545"/>
</kw>
<status status="PASS" start="2025-07-29T21:58:11.974548" elapsed="6.003170"/>
</test>
<status status="PASS" start="2025-07-29T21:58:06.146748" elapsed="11.832484"/>
</suite>
<statistics>
<total>
<stat pass="2" fail="0" skip="0">All Tests</stat>
</total>
<tag>
</tag>
<suite>
<stat name="Login Test" id="s1" pass="2" fail="0" skip="0">Login Test</stat>
</suite>
</statistics>
<errors>
</errors>
</robot>
